{"contracts/BCODividend.sol":{"l":{"34":22,"36":22,"37":22,"38":22,"39":22,"43":68,"44":68,"48":2,"52":22,"53":22,"57":0,"58":0,"62":14,"66":2,"67":2,"69":2,"71":2,"72":2,"76":64,"77":64,"79":64,"80":64,"84":4,"85":4,"86":4,"87":4,"89":4,"90":4,"91":4,"95":1,"96":1,"97":1,"101":37,"105":113,"106":113,"107":62,"110":51,"112":51,"114":51,"118":16,"120":16,"121":16,"122":16,"123":16,"124":16,"126":16,"128":16,"129":16,"131":16,"135":1,"139":28,"140":28,"144":50,"145":50,"149":5,"150":5,"151":5,"155":27,"156":27,"161":74,"162":74,"163":74,"164":67,"166":7,"167":7,"171":28,"172":28,"174":28,"175":28,"177":28,"178":1,"181":27,"182":27,"184":27,"185":5,"187":22,"190":27,"191":27},"path":"/Users/macbook/dl/solidity/test_token/contracts/BCODividend.sol","s":{"1":22,"2":22,"3":22,"4":22,"5":22,"6":68,"7":2,"8":22,"9":22,"10":0,"11":0,"12":14,"13":2,"14":2,"15":2,"16":2,"17":64,"18":64,"19":64,"20":64,"21":4,"22":4,"23":4,"24":4,"25":4,"26":4,"27":4,"28":1,"29":1,"30":1,"31":37,"32":113,"33":113,"34":62,"35":51,"36":51,"37":51,"38":16,"39":16,"40":16,"41":16,"42":16,"43":16,"44":16,"45":16,"46":1,"47":28,"48":28,"49":50,"50":50,"51":5,"52":5,"53":5,"54":27,"55":27,"56":74,"57":74,"58":74,"59":67,"60":7,"61":7,"62":28,"63":28,"64":28,"65":28,"66":28,"67":1,"68":27,"69":27,"70":5,"71":22,"72":27,"73":27},"b":{"1":[22,0],"2":[68,0],"3":[22,0],"4":[0,0],"5":[2,0],"6":[64,0],"7":[4,0],"8":[4,0],"9":[1,0],"10":[62,51],"11":[16,0],"12":[16,0],"13":[28,0],"14":[67,7],"15":[28,0],"16":[1,27],"17":[5,22]},"f":{"1":22,"2":68,"3":2,"4":22,"5":0,"6":14,"7":2,"8":64,"9":4,"10":1,"11":37,"12":113,"13":16,"14":1,"15":28,"16":50,"17":5,"18":27,"19":74,"20":28},"fnMap":{"1":{"name":null,"line":33,"loc":{"start":{"line":33,"column":4},"end":{"line":33,"column":74}}},"2":{"name":"onlyToken","line":42,"loc":{"start":{"line":42,"column":4},"end":{"line":42,"column":22}}},"3":{"name":null,"line":47,"loc":{"start":{"line":47,"column":4},"end":{"line":47,"column":30}}},"4":{"name":"setTokenAddress","line":51,"loc":{"start":{"line":51,"column":4},"end":{"line":51,"column":68}}},"5":{"name":"setTokenDiscountThreshold","line":56,"loc":{"start":{"line":56,"column":4},"end":{"line":56,"column":83}}},"6":{"name":"buyToken","line":61,"loc":{"start":{"line":61,"column":4},"end":{"line":61,"column":38}}},"7":{"name":"withdraw","line":65,"loc":{"start":{"line":65,"column":4},"end":{"line":65,"column":45}}},"8":{"name":"updateDividendBalance","line":75,"loc":{"start":{"line":75,"column":4},"end":{"line":75,"column":114}}},"9":{"name":"transferTokens","line":83,"loc":{"start":{"line":83,"column":4},"end":{"line":83,"column":104}}},"10":{"name":"shareDividends","line":94,"loc":{"start":{"line":94,"column":4},"end":{"line":94,"column":54}}},"11":{"name":"getDividendBalance","line":100,"loc":{"start":{"line":100,"column":4},"end":{"line":100,"column":79}}},"12":{"name":"getDividendAmount","line":104,"loc":{"start":{"line":104,"column":4},"end":{"line":104,"column":76}}},"13":{"name":"buyTokens","line":117,"loc":{"start":{"line":117,"column":4},"end":{"line":117,"column":54}}},"14":{"name":"getSellableTokenAmount","line":134,"loc":{"start":{"line":134,"column":4},"end":{"line":134,"column":65}}},"15":{"name":"calculateTokensFrom","line":138,"loc":{"start":{"line":138,"column":4},"end":{"line":138,"column":107}}},"16":{"name":"priceFor","line":143,"loc":{"start":{"line":143,"column":4},"end":{"line":143,"column":71}}},"17":{"name":"priceWithDiscount","line":148,"loc":{"start":{"line":148,"column":4},"end":{"line":148,"column":102}}},"18":{"name":"tokensAmountFrom","line":154,"loc":{"start":{"line":154,"column":4},"end":{"line":154,"column":73}}},"19":{"name":"takeDividends","line":160,"loc":{"start":{"line":160,"column":4},"end":{"line":160,"column":47}}},"20":{"name":"calculateTokensAmountToSale","line":170,"loc":{"start":{"line":170,"column":4},"end":{"line":170,"column":116}}}},"statementMap":{"1":{"start":{"line":34,"column":8},"end":{"line":34,"column":35}},"2":{"start":{"line":36,"column":8},"end":{"line":36,"column":25}},"3":{"start":{"line":37,"column":8},"end":{"line":37,"column":49}},"4":{"start":{"line":38,"column":8},"end":{"line":38,"column":41}},"5":{"start":{"line":39,"column":8},"end":{"line":39,"column":39}},"6":{"start":{"line":43,"column":8},"end":{"line":43,"column":46}},"7":{"start":{"line":48,"column":8},"end":{"line":48,"column":28}},"8":{"start":{"line":52,"column":8},"end":{"line":52,"column":43}},"9":{"start":{"line":53,"column":8},"end":{"line":53,"column":40}},"10":{"start":{"line":57,"column":8},"end":{"line":57,"column":38}},"11":{"start":{"line":58,"column":8},"end":{"line":58,"column":52}},"12":{"start":{"line":62,"column":8},"end":{"line":62,"column":28}},"13":{"start":{"line":66,"column":8},"end":{"line":66,"column":94}},"14":{"start":{"line":67,"column":8},"end":{"line":67,"column":38}},"15":{"start":{"line":69,"column":8},"end":{"line":69,"column":32}},"16":{"start":{"line":71,"column":8},"end":{"line":71,"column":64}},"17":{"start":{"line":76,"column":8},"end":{"line":76,"column":55}},"18":{"start":{"line":77,"column":8},"end":{"line":77,"column":45}},"19":{"start":{"line":79,"column":8},"end":{"line":79,"column":30}},"20":{"start":{"line":80,"column":8},"end":{"line":80,"column":93}},"21":{"start":{"line":84,"column":8},"end":{"line":84,"column":35}},"22":{"start":{"line":85,"column":8},"end":{"line":85,"column":33}},"23":{"start":{"line":86,"column":8},"end":{"line":86,"column":27}},"24":{"start":{"line":87,"column":8},"end":{"line":87,"column":25}},"25":{"start":{"line":89,"column":8},"end":{"line":89,"column":81}},"26":{"start":{"line":90,"column":8},"end":{"line":90,"column":77}},"27":{"start":{"line":91,"column":8},"end":{"line":91,"column":19}},"28":{"start":{"line":95,"column":8},"end":{"line":95,"column":29}},"29":{"start":{"line":96,"column":8},"end":{"line":96,"column":71}},"30":{"start":{"line":97,"column":8},"end":{"line":97,"column":68}},"31":{"start":{"line":101,"column":8},"end":{"line":101,"column":76}},"32":{"start":{"line":105,"column":8},"end":{"line":105,"column":61}},"33":{"start":{"line":106,"column":8},"end":{"line":106,"column":3496}},"34":{"start":{"line":107,"column":12},"end":{"line":107,"column":20}},"35":{"start":{"line":110,"column":8},"end":{"line":110,"column":73}},"36":{"start":{"line":112,"column":8},"end":{"line":112,"column":42}},"37":{"start":{"line":114,"column":8},"end":{"line":114,"column":24}},"38":{"start":{"line":118,"column":8},"end":{"line":118,"column":29}},"39":{"start":{"line":120,"column":8},"end":{"line":120,"column":50}},"40":{"start":{"line":123,"column":8},"end":{"line":123,"column":69}},"41":{"start":{"line":124,"column":8},"end":{"line":124,"column":49}},"42":{"start":{"line":126,"column":8},"end":{"line":126,"column":72}},"43":{"start":{"line":128,"column":8},"end":{"line":128,"column":69}},"44":{"start":{"line":129,"column":8},"end":{"line":129,"column":80}},"45":{"start":{"line":131,"column":8},"end":{"line":131,"column":47}},"46":{"start":{"line":135,"column":8},"end":{"line":135,"column":57}},"47":{"start":{"line":139,"column":8},"end":{"line":139,"column":38}},"48":{"start":{"line":140,"column":8},"end":{"line":140,"column":64}},"49":{"start":{"line":144,"column":8},"end":{"line":144,"column":53}},"50":{"start":{"line":145,"column":8},"end":{"line":145,"column":20}},"51":{"start":{"line":149,"column":8},"end":{"line":149,"column":81}},"52":{"start":{"line":150,"column":8},"end":{"line":150,"column":25}},"53":{"start":{"line":151,"column":8},"end":{"line":151,"column":77}},"54":{"start":{"line":155,"column":8},"end":{"line":155,"column":54}},"55":{"start":{"line":156,"column":8},"end":{"line":156,"column":27}},"56":{"start":{"line":161,"column":8},"end":{"line":161,"column":52}},"57":{"start":{"line":162,"column":8},"end":{"line":162,"column":45}},"58":{"start":{"line":163,"column":8},"end":{"line":163,"column":5512}},"59":{"start":{"line":164,"column":12},"end":{"line":164,"column":18}},"60":{"start":{"line":166,"column":8},"end":{"line":166,"column":76}},"61":{"start":{"line":167,"column":8},"end":{"line":167,"column":72}},"62":{"start":{"line":171,"column":8},"end":{"line":171,"column":48}},"63":{"start":{"line":172,"column":8},"end":{"line":172,"column":45}},"64":{"start":{"line":174,"column":8},"end":{"line":174,"column":65}},"65":{"start":{"line":175,"column":8},"end":{"line":175,"column":57}},"66":{"start":{"line":177,"column":8},"end":{"line":177,"column":6084}},"67":{"start":{"line":178,"column":12},"end":{"line":178,"column":61}},"68":{"start":{"line":181,"column":8},"end":{"line":181,"column":54}},"69":{"start":{"line":184,"column":8},"end":{"line":184,"column":6284}},"70":{"start":{"line":185,"column":12},"end":{"line":185,"column":70}},"71":{"start":{"line":187,"column":12},"end":{"line":187,"column":47}},"72":{"start":{"line":190,"column":8},"end":{"line":190,"column":47}},"73":{"start":{"line":191,"column":8},"end":{"line":191,"column":37}}},"branchMap":{"1":{"line":34,"type":"if","locations":[{"start":{"line":34,"column":8},"end":{"line":34,"column":8}},{"start":{"line":34,"column":8},"end":{"line":34,"column":8}}]},"2":{"line":43,"type":"if","locations":[{"start":{"line":43,"column":8},"end":{"line":43,"column":8}},{"start":{"line":43,"column":8},"end":{"line":43,"column":8}}]},"3":{"line":52,"type":"if","locations":[{"start":{"line":52,"column":8},"end":{"line":52,"column":8}},{"start":{"line":52,"column":8},"end":{"line":52,"column":8}}]},"4":{"line":57,"type":"if","locations":[{"start":{"line":57,"column":8},"end":{"line":57,"column":8}},{"start":{"line":57,"column":8},"end":{"line":57,"column":8}}]},"5":{"line":67,"type":"if","locations":[{"start":{"line":67,"column":8},"end":{"line":67,"column":8}},{"start":{"line":67,"column":8},"end":{"line":67,"column":8}}]},"6":{"line":77,"type":"if","locations":[{"start":{"line":77,"column":8},"end":{"line":77,"column":8}},{"start":{"line":77,"column":8},"end":{"line":77,"column":8}}]},"7":{"line":84,"type":"if","locations":[{"start":{"line":84,"column":8},"end":{"line":84,"column":8}},{"start":{"line":84,"column":8},"end":{"line":84,"column":8}}]},"8":{"line":85,"type":"if","locations":[{"start":{"line":85,"column":8},"end":{"line":85,"column":8}},{"start":{"line":85,"column":8},"end":{"line":85,"column":8}}]},"9":{"line":95,"type":"if","locations":[{"start":{"line":95,"column":8},"end":{"line":95,"column":8}},{"start":{"line":95,"column":8},"end":{"line":95,"column":8}}]},"10":{"line":106,"type":"if","locations":[{"start":{"line":106,"column":8},"end":{"line":106,"column":8}},{"start":{"line":106,"column":8},"end":{"line":106,"column":8}}]},"11":{"line":118,"type":"if","locations":[{"start":{"line":118,"column":8},"end":{"line":118,"column":8}},{"start":{"line":118,"column":8},"end":{"line":118,"column":8}}]},"12":{"line":131,"type":"if","locations":[{"start":{"line":131,"column":8},"end":{"line":131,"column":8}},{"start":{"line":131,"column":8},"end":{"line":131,"column":8}}]},"13":{"line":139,"type":"if","locations":[{"start":{"line":139,"column":8},"end":{"line":139,"column":8}},{"start":{"line":139,"column":8},"end":{"line":139,"column":8}}]},"14":{"line":163,"type":"if","locations":[{"start":{"line":163,"column":8},"end":{"line":163,"column":8}},{"start":{"line":163,"column":8},"end":{"line":163,"column":8}}]},"15":{"line":172,"type":"if","locations":[{"start":{"line":172,"column":8},"end":{"line":172,"column":8}},{"start":{"line":172,"column":8},"end":{"line":172,"column":8}}]},"16":{"line":177,"type":"if","locations":[{"start":{"line":177,"column":8},"end":{"line":177,"column":8}},{"start":{"line":177,"column":8},"end":{"line":177,"column":8}}]},"17":{"line":184,"type":"if","locations":[{"start":{"line":184,"column":8},"end":{"line":184,"column":8}},{"start":{"line":184,"column":8},"end":{"line":184,"column":8}}]}}},"contracts/BCODividendInterface.sol":{"l":{},"path":"/Users/macbook/dl/solidity/test_token/contracts/BCODividendInterface.sol","s":{},"b":{},"f":{},"fnMap":{},"statementMap":{},"branchMap":{}},"contracts/BCOToken.sol":{"l":{"19":22,"20":22,"24":64,"25":64,"26":64,"30":64,"31":64,"32":64,"36":4,"37":4,"43":36,"44":36,"45":36,"46":36,"47":36,"51":3,"52":2,"53":2,"54":2,"58":64,"59":64,"60":64,"61":64,"63":64,"64":64,"66":64,"67":64,"68":64,"69":64,"73":4,"74":4,"76":4,"77":4,"78":4,"79":4,"80":4},"path":"/Users/macbook/dl/solidity/test_token/contracts/BCOToken.sol","s":{"1":22,"2":22,"3":64,"4":64,"5":64,"6":64,"7":4,"8":36,"9":36,"10":36,"11":36,"12":36,"13":3,"14":2,"15":2,"16":2,"17":64,"18":64,"19":64,"20":64,"21":64,"22":64,"23":64,"24":64,"25":64,"26":4,"27":4,"28":4,"29":4,"30":4,"31":4,"32":4},"b":{"1":[22,0],"2":[64,0],"3":[64,0],"4":[64,0],"5":[64,0],"6":[4,0],"7":[36,0],"8":[36,0],"9":[36,0],"10":[36,0],"11":[2,1],"12":[64,0],"13":[64,0],"14":[64,0],"15":[4,0],"16":[4,0],"17":[4,0]},"f":{"1":22,"2":64,"3":64,"4":4,"5":0,"6":36,"7":3,"8":64,"9":4},"fnMap":{"1":{"name":null,"line":18,"loc":{"start":{"line":18,"column":4},"end":{"line":18,"column":46}}},"2":{"name":"canMint","line":23,"loc":{"start":{"line":23,"column":4},"end":{"line":23,"column":20}}},"3":{"name":"extendOwner","line":29,"loc":{"start":{"line":29,"column":4},"end":{"line":29,"column":22}}},"4":{"name":"onlyPayloadSize","line":35,"loc":{"start":{"line":35,"column":4},"end":{"line":35,"column":37}}},"5":{"name":null,"line":40,"loc":{"start":{"line":40,"column":4},"end":{"line":40,"column":20}}},"6":{"name":"mintPresale","line":42,"loc":{"start":{"line":42,"column":4},"end":{"line":42,"column":97}}},"7":{"name":"finishPresale","line":50,"loc":{"start":{"line":50,"column":4},"end":{"line":50,"column":58}}},"8":{"name":"mint","line":57,"loc":{"start":{"line":57,"column":4},"end":{"line":57,"column":87}}},"9":{"name":"transfer","line":72,"loc":{"start":{"line":72,"column":4},"end":{"line":72,"column":92}}}},"statementMap":{"1":{"start":{"line":19,"column":8},"end":{"line":19,"column":46}},"2":{"start":{"line":20,"column":8},"end":{"line":20,"column":56}},"3":{"start":{"line":24,"column":8},"end":{"line":24,"column":45}},"4":{"start":{"line":25,"column":8},"end":{"line":25,"column":47}},"5":{"start":{"line":30,"column":8},"end":{"line":30,"column":47}},"6":{"start":{"line":31,"column":8},"end":{"line":31,"column":74}},"7":{"start":{"line":36,"column":8},"end":{"line":36,"column":43}},"8":{"start":{"line":43,"column":8},"end":{"line":43,"column":34}},"9":{"start":{"line":44,"column":8},"end":{"line":44,"column":34}},"10":{"start":{"line":45,"column":8},"end":{"line":45,"column":39}},"11":{"start":{"line":46,"column":8},"end":{"line":46,"column":46}},"12":{"start":{"line":47,"column":8},"end":{"line":47,"column":19}},"13":{"start":{"line":51,"column":8},"end":{"line":51,"column":34}},"14":{"start":{"line":52,"column":8},"end":{"line":52,"column":31}},"15":{"start":{"line":53,"column":8},"end":{"line":53,"column":30}},"16":{"start":{"line":54,"column":8},"end":{"line":54,"column":19}},"17":{"start":{"line":58,"column":8},"end":{"line":58,"column":33}},"18":{"start":{"line":59,"column":8},"end":{"line":59,"column":28}},"19":{"start":{"line":60,"column":8},"end":{"line":60,"column":57}},"20":{"start":{"line":61,"column":8},"end":{"line":61,"column":48}},"21":{"start":{"line":63,"column":8},"end":{"line":63,"column":36}},"22":{"start":{"line":64,"column":8},"end":{"line":64,"column":49}},"23":{"start":{"line":67,"column":8},"end":{"line":67,"column":31}},"24":{"start":{"line":68,"column":8},"end":{"line":68,"column":47}},"25":{"start":{"line":69,"column":8},"end":{"line":69,"column":19}},"26":{"start":{"line":73,"column":8},"end":{"line":73,"column":33}},"27":{"start":{"line":74,"column":8},"end":{"line":74,"column":46}},"28":{"start":{"line":76,"column":8},"end":{"line":76,"column":62}},"29":{"start":{"line":77,"column":8},"end":{"line":77,"column":48}},"30":{"start":{"line":78,"column":8},"end":{"line":78,"column":64}},"31":{"start":{"line":79,"column":8},"end":{"line":79,"column":46}},"32":{"start":{"line":80,"column":8},"end":{"line":80,"column":19}}},"branchMap":{"1":{"line":19,"type":"if","locations":[{"start":{"line":19,"column":8},"end":{"line":19,"column":8}},{"start":{"line":19,"column":8},"end":{"line":19,"column":8}}]},"2":{"line":24,"type":"if","locations":[{"start":{"line":24,"column":8},"end":{"line":24,"column":8}},{"start":{"line":24,"column":8},"end":{"line":24,"column":8}}]},"3":{"line":25,"type":"if","locations":[{"start":{"line":25,"column":8},"end":{"line":25,"column":8}},{"start":{"line":25,"column":8},"end":{"line":25,"column":8}}]},"4":{"line":30,"type":"if","locations":[{"start":{"line":30,"column":8},"end":{"line":30,"column":8}},{"start":{"line":30,"column":8},"end":{"line":30,"column":8}}]},"5":{"line":31,"type":"if","locations":[{"start":{"line":31,"column":8},"end":{"line":31,"column":8}},{"start":{"line":31,"column":8},"end":{"line":31,"column":8}}]},"6":{"line":36,"type":"if","locations":[{"start":{"line":36,"column":8},"end":{"line":36,"column":8}},{"start":{"line":36,"column":8},"end":{"line":36,"column":8}}]},"7":{"line":43,"type":"if","locations":[{"start":{"line":43,"column":8},"end":{"line":43,"column":8}},{"start":{"line":43,"column":8},"end":{"line":43,"column":8}}]},"8":{"line":44,"type":"if","locations":[{"start":{"line":44,"column":8},"end":{"line":44,"column":8}},{"start":{"line":44,"column":8},"end":{"line":44,"column":8}}]},"9":{"line":45,"type":"if","locations":[{"start":{"line":45,"column":8},"end":{"line":45,"column":8}},{"start":{"line":45,"column":8},"end":{"line":45,"column":8}}]},"10":{"line":46,"type":"if","locations":[{"start":{"line":46,"column":8},"end":{"line":46,"column":8}},{"start":{"line":46,"column":8},"end":{"line":46,"column":8}}]},"11":{"line":51,"type":"if","locations":[{"start":{"line":51,"column":8},"end":{"line":51,"column":8}},{"start":{"line":51,"column":8},"end":{"line":51,"column":8}}]},"12":{"line":58,"type":"if","locations":[{"start":{"line":58,"column":8},"end":{"line":58,"column":8}},{"start":{"line":58,"column":8},"end":{"line":58,"column":8}}]},"13":{"line":59,"type":"if","locations":[{"start":{"line":59,"column":8},"end":{"line":59,"column":8}},{"start":{"line":59,"column":8},"end":{"line":59,"column":8}}]},"14":{"line":61,"type":"if","locations":[{"start":{"line":61,"column":8},"end":{"line":61,"column":8}},{"start":{"line":61,"column":8},"end":{"line":61,"column":8}}]},"15":{"line":73,"type":"if","locations":[{"start":{"line":73,"column":8},"end":{"line":73,"column":8}},{"start":{"line":73,"column":8},"end":{"line":73,"column":8}}]},"16":{"line":74,"type":"if","locations":[{"start":{"line":74,"column":8},"end":{"line":74,"column":8}},{"start":{"line":74,"column":8},"end":{"line":74,"column":8}}]},"17":{"line":78,"type":"if","locations":[{"start":{"line":78,"column":8},"end":{"line":78,"column":8}},{"start":{"line":78,"column":8},"end":{"line":78,"column":8}}]}}},"contracts/Log.sol":{"l":{"6":20,"7":20,"8":20,"9":20,"10":116,"11":116,"13":20,"14":20,"15":20,"16":20,"17":186,"18":186,"19":186,"20":186,"21":186,"22":186,"24":20},"path":"/Users/macbook/dl/solidity/test_token/contracts/Log.sol","s":{"1":20,"2":20,"3":20,"4":20,"5":116,"6":116,"7":20,"8":20,"9":20,"10":20,"11":186,"12":186,"13":186,"14":186,"15":186,"16":186,"17":20},"b":{},"f":{"1":20},"fnMap":{"1":{"name":"ln","line":5,"loc":{"start":{"line":5,"column":4},"end":{"line":5,"column":55}}}},"statementMap":{"1":{"start":{"line":6,"column":8},"end":{"line":6,"column":28}},"2":{"start":{"line":7,"column":8},"end":{"line":7,"column":28}},"3":{"start":{"line":8,"column":8},"end":{"line":8,"column":24}},"4":{"start":{"line":9,"column":8},"end":{"line":9,"column":207}},"5":{"start":{"line":10,"column":12},"end":{"line":10,"column":47}},"6":{"start":{"line":11,"column":12},"end":{"line":11,"column":24}},"7":{"start":{"line":13,"column":8},"end":{"line":13,"column":21}},"8":{"start":{"line":14,"column":8},"end":{"line":14,"column":22}},"9":{"start":{"line":15,"column":8},"end":{"line":15,"column":19}},"10":{"start":{"line":16,"column":8},"end":{"line":16,"column":414}},"11":{"start":{"line":17,"column":12},"end":{"line":17,"column":42}},"12":{"start":{"line":18,"column":12},"end":{"line":18,"column":26}},"13":{"start":{"line":19,"column":12},"end":{"line":19,"column":35}},"14":{"start":{"line":20,"column":12},"end":{"line":20,"column":42}},"15":{"start":{"line":21,"column":12},"end":{"line":21,"column":26}},"16":{"start":{"line":22,"column":12},"end":{"line":22,"column":35}},"17":{"start":{"line":24,"column":8},"end":{"line":24,"column":21}}},"branchMap":{}}}